{"name": "Тест на успешную авторизацию", "status": "broken", "statusDetails": {"message": "selenium.common.exceptions.ElementClickInterceptedException: Message: Element <p class=\"AppHeader_header__linkText__3q_va ml-2\"> is not clickable at point (1192,44) because another element <div class=\"Modal_modal_overlay__x2ZCr\"> obscures it\nStacktrace:\nRemoteError@chrome://remote/content/shared/RemoteError.sys.mjs:8:8\nWebDriverError@chrome://remote/content/shared/webdriver/Errors.sys.mjs:187:5\nElementClickInterceptedError@chrome://remote/content/shared/webdriver/Errors.sys.mjs:331:5\nwebdriverClickElement@chrome://remote/content/marionette/interaction.sys.mjs:162:11\ninteraction.clickElement@chrome://remote/content/marionette/interaction.sys.mjs:121:11\nclickElement@chrome://remote/content/marionette/actors/MarionetteCommandsChild.sys.mjs:214:29\nreceiveMessage@chrome://remote/content/marionette/actors/MarionetteCommandsChild.sys.mjs:97:31", "trace": "self = <diplom_3.tests.test_profile.TestProfile object at 0x000001CF99C620F0>, driver = <selenium.webdriver.firefox.webdriver.WebDriver (session=\"a47489a6-5b00-41d4-b931-5ab1b74d3f00\")>\n\n    @allure.title('Тест на успешную авторизацию')\n    def test_login(self, driver):\n        login_page = LoginPage(driver)\n        login_page.login_test_user()\n>       login_page.click_profile()\n\ntests\\test_profile.py:21: \n_ _ _ _ _ _ _ _ _ _ _ _ _ _ _ _ _ _ _ _ _ _ _ _ _ _ _ _ _ _ _ _ _ _ _ _ _ _ _ _ _ _ _ _ _ _ _ _ _ _ _ _ _ _ _ _ _ _ _ _ _ _ _ _ _ _ _ _ _ _ _ _ _ _ _ _ _ _ _ _ _ _ _ _ _ _ _ _ _ _ _ _ _ _ _ _ _ _ _ _ _ _ _ _ _ _ _ _ _ _ _ _ _ _ _ _\npages\\login_page.py:14: in click_profile\n    self.click(login_locators.profile_button).click()\n.venv\\Lib\\site-packages\\selenium\\webdriver\\remote\\webelement.py:94: in click\n    self._execute(Command.CLICK_ELEMENT)\n.venv\\Lib\\site-packages\\selenium\\webdriver\\remote\\webelement.py:395: in _execute\n    return self._parent.execute(command, params)\n.venv\\Lib\\site-packages\\selenium\\webdriver\\remote\\webdriver.py:347: in execute\n    self.error_handler.check_response(response)\n_ _ _ _ _ _ _ _ _ _ _ _ _ _ _ _ _ _ _ _ _ _ _ _ _ _ _ _ _ _ _ _ _ _ _ _ _ _ _ _ _ _ _ _ _ _ _ _ _ _ _ _ _ _ _ _ _ _ _ _ _ _ _ _ _ _ _ _ _ _ _ _ _ _ _ _ _ _ _ _ _ _ _ _ _ _ _ _ _ _ _ _ _ _ _ _ _ _ _ _ _ _ _ _ _ _ _ _ _ _ _ _ _ _ _ _\n\nself = <selenium.webdriver.remote.errorhandler.ErrorHandler object at 0x000001CF99CC5280>\nresponse = {'status': 400, 'value': '{\"value\":{\"error\":\"element click intercepted\",\"message\":\"Element <p class=\\\\\"AppHeader_heade...sys.mjs:214:29\\\\nreceiveMessage@chrome://remote/content/marionette/actors/MarionetteCommandsChild.sys.mjs:97:31\\\\n\"}}'}\n\n    def check_response(self, response: Dict[str, Any]) -> None:\n        \"\"\"Checks that a JSON response from the WebDriver does not have an\n        error.\n    \n        :Args:\n         - response - The JSON response from the WebDriver server as a dictionary\n           object.\n    \n        :Raises: If the response contains an error message.\n        \"\"\"\n        status = response.get(\"status\", None)\n        if not status or status == ErrorCode.SUCCESS:\n            return\n        value = None\n        message = response.get(\"message\", \"\")\n        screen: str = response.get(\"screen\", \"\")\n        stacktrace = None\n        if isinstance(status, int):\n            value_json = response.get(\"value\", None)\n            if value_json and isinstance(value_json, str):\n                import json\n    \n                try:\n                    value = json.loads(value_json)\n                    if len(value) == 1:\n                        value = value[\"value\"]\n                    status = value.get(\"error\", None)\n                    if not status:\n                        status = value.get(\"status\", ErrorCode.UNKNOWN_ERROR)\n                        message = value.get(\"value\") or value.get(\"message\")\n                        if not isinstance(message, str):\n                            value = message\n                            message = message.get(\"message\")\n                    else:\n                        message = value.get(\"message\", None)\n                except ValueError:\n                    pass\n    \n        exception_class: Type[WebDriverException]\n        e = ErrorCode()\n        error_codes = [item for item in dir(e) if not item.startswith(\"__\")]\n        for error_code in error_codes:\n            error_info = getattr(ErrorCode, error_code)\n            if isinstance(error_info, list) and status in error_info:\n                exception_class = getattr(ExceptionMapping, error_code, WebDriverException)\n                break\n        else:\n            exception_class = WebDriverException\n    \n        if not value:\n            value = response[\"value\"]\n        if isinstance(value, str):\n            raise exception_class(value)\n        if message == \"\" and \"message\" in value:\n            message = value[\"message\"]\n    \n        screen = None  # type: ignore[assignment]\n        if \"screen\" in value:\n            screen = value[\"screen\"]\n    \n        stacktrace = None\n        st_value = value.get(\"stackTrace\") or value.get(\"stacktrace\")\n        if st_value:\n            if isinstance(st_value, str):\n                stacktrace = st_value.split(\"\\n\")\n            else:\n                stacktrace = []\n                try:\n                    for frame in st_value:\n                        line = frame.get(\"lineNumber\", \"\")\n                        file = frame.get(\"fileName\", \"<anonymous>\")\n                        if line:\n                            file = f\"{file}:{line}\"\n                        meth = frame.get(\"methodName\", \"<anonymous>\")\n                        if \"className\" in frame:\n                            meth = f\"{frame['className']}.{meth}\"\n                        msg = \"    at %s (%s)\"\n                        msg = msg % (meth, file)\n                        stacktrace.append(msg)\n                except TypeError:\n                    pass\n        if exception_class == UnexpectedAlertPresentException:\n            alert_text = None\n            if \"data\" in value:\n                alert_text = value[\"data\"].get(\"text\")\n            elif \"alert\" in value:\n                alert_text = value[\"alert\"].get(\"text\")\n            raise exception_class(message, screen, stacktrace, alert_text)  # type: ignore[call-arg]  # mypy is not smart enough here\n>       raise exception_class(message, screen, stacktrace)\nE       selenium.common.exceptions.ElementClickInterceptedException: Message: Element <p class=\"AppHeader_header__linkText__3q_va ml-2\"> is not clickable at point (1192,44) because another element <div class=\"Modal_modal_overlay__x2ZCr\"> obscures it\nE       Stacktrace:\nE       RemoteError@chrome://remote/content/shared/RemoteError.sys.mjs:8:8\nE       WebDriverError@chrome://remote/content/shared/webdriver/Errors.sys.mjs:187:5\nE       ElementClickInterceptedError@chrome://remote/content/shared/webdriver/Errors.sys.mjs:331:5\nE       webdriverClickElement@chrome://remote/content/marionette/interaction.sys.mjs:162:11\nE       interaction.clickElement@chrome://remote/content/marionette/interaction.sys.mjs:121:11\nE       clickElement@chrome://remote/content/marionette/actors/MarionetteCommandsChild.sys.mjs:214:29\nE       receiveMessage@chrome://remote/content/marionette/actors/MarionetteCommandsChild.sys.mjs:97:31\n\n.venv\\Lib\\site-packages\\selenium\\webdriver\\remote\\errorhandler.py:229: ElementClickInterceptedException"}, "steps": [{"name": "Инициализация BasePage с драйвером", "status": "passed", "parameters": [{"name": "driver", "value": "<selenium.webdriver.firefox.webdriver.WebDriver (session=\"a47489a6-5b00-41d4-b931-5ab1b74d3f00\")>"}], "start": 1717764052850, "stop": 1717764052850}, {"name": "Авторизация тестового-пользователя", "status": "passed", "steps": [{"name": "Выполняем авторизацию", "status": "passed", "steps": [{"name": "Ожидание видимости элемента, локатор", "status": "passed", "steps": [{"name": "Ожидание, секунд", "status": "passed", "parameters": [{"name": "time", "value": "5"}], "start": 1717764052850, "stop": 1717764052850}], "parameters": [{"name": "locator", "value": "('xpath', \".//input[contains(@name,'name')]\")"}], "start": 1717764052850, "stop": 1717764052863}, {"name": "Ожидание видимости элемента, локатор", "status": "passed", "steps": [{"name": "Ожидание, секунд", "status": "passed", "parameters": [{"name": "time", "value": "5"}], "start": 1717764052863, "stop": 1717764052863}], "parameters": [{"name": "locator", "value": "('xpath', \".//input[contains(@name,'Пароль')]\")"}], "start": 1717764052863, "stop": 1717764052876}, {"name": "Клик по элементу с локатором", "status": "passed", "steps": [{"name": "Ожидание, секунд", "status": "passed", "parameters": [{"name": "time", "value": "5"}], "start": 1717764053011, "stop": 1717764053011}], "parameters": [{"name": "locator", "value": "('xpath', \".//button[text()='Войти']\")"}], "start": 1717764053011, "stop": 1717764053051}], "parameters": [{"name": "email", "value": "'malkin_kogorta_7@ya.ru'"}, {"name": "password", "value": "'123456'"}], "start": 1717764052850, "stop": 1717764053051}], "start": 1717764052850, "stop": 1717764053051}, {"name": "Кликаем по кнопке Личный кабинет", "status": "broken", "statusDetails": {"message": "selenium.common.exceptions.ElementClickInterceptedException: Message: Element <p class=\"AppHeader_header__linkText__3q_va ml-2\"> is not clickable at point (1192,44) because another element <div class=\"Modal_modal_overlay__x2ZCr\"> obscures it\nStacktrace:\nRemoteError@chrome://remote/content/shared/RemoteError.sys.mjs:8:8\nWebDriverError@chrome://remote/content/shared/webdriver/Errors.sys.mjs:187:5\nElementClickInterceptedError@chrome://remote/content/shared/webdriver/Errors.sys.mjs:331:5\nwebdriverClickElement@chrome://remote/content/marionette/interaction.sys.mjs:162:11\ninteraction.clickElement@chrome://remote/content/marionette/interaction.sys.mjs:121:11\nclickElement@chrome://remote/content/marionette/actors/MarionetteCommandsChild.sys.mjs:214:29\nreceiveMessage@chrome://remote/content/marionette/actors/MarionetteCommandsChild.sys.mjs:97:31\n\n", "trace": "  File \"C:\\Users\\i-mal\\PycharmProjects\\diplom_3\\.venv\\Lib\\site-packages\\allure_commons\\_allure.py\", line 192, in impl\n    return func(*a, **kw)\n           ^^^^^^^^^^^^^^\n  File \"C:\\Users\\i-mal\\PycharmProjects\\diplom_3\\pages\\login_page.py\", line 14, in click_profile\n    self.click(login_locators.profile_button).click()\n  File \"C:\\Users\\i-mal\\PycharmProjects\\diplom_3\\.venv\\Lib\\site-packages\\selenium\\webdriver\\remote\\webelement.py\", line 94, in click\n    self._execute(Command.CLICK_ELEMENT)\n  File \"C:\\Users\\i-mal\\PycharmProjects\\diplom_3\\.venv\\Lib\\site-packages\\selenium\\webdriver\\remote\\webelement.py\", line 395, in _execute\n    return self._parent.execute(command, params)\n           ^^^^^^^^^^^^^^^^^^^^^^^^^^^^^^^^^^^^^\n  File \"C:\\Users\\i-mal\\PycharmProjects\\diplom_3\\.venv\\Lib\\site-packages\\selenium\\webdriver\\remote\\webdriver.py\", line 347, in execute\n    self.error_handler.check_response(response)\n  File \"C:\\Users\\i-mal\\PycharmProjects\\diplom_3\\.venv\\Lib\\site-packages\\selenium\\webdriver\\remote\\errorhandler.py\", line 229, in check_response\n    raise exception_class(message, screen, stacktrace)\n"}, "steps": [{"name": "Ожидание, пока URL совпадает с: 'https://stellarburgers.nomoreparties.site'", "status": "passed", "steps": [{"name": "Ожидание, секунд", "status": "passed", "parameters": [{"name": "time", "value": "5"}], "start": 1717764053051, "stop": 1717764053051}], "parameters": [{"name": "string", "value": "'https://stellarburgers.nomoreparties.site'"}], "start": 1717764053051, "stop": 1717764053056}, {"name": "Клик по элементу с локатором", "status": "passed", "steps": [{"name": "Ожидание, секунд", "status": "passed", "parameters": [{"name": "time", "value": "5"}], "start": 1717764053057, "stop": 1717764053057}], "parameters": [{"name": "locator", "value": "('xpath', \".//p[text()='Личный Кабинет']\")"}], "start": 1717764053057, "stop": 1717764053118}], "start": 1717764053051, "stop": 1717764053132}], "parameters": [{"name": "driver", "value": "'Browser FireFox'"}], "start": 1717764052849, "stop": 1717764053133, "uuid": "7b82f806-00c7-43fa-a9af-3902f66013fb", "historyId": "b2fe7479611f8caa3ce39b49765c2383", "testCaseId": "4ab96443fc7d7c33e483dd07fa74e2b3", "fullName": "tests.test_profile.TestProfile#test_login", "labels": [{"name": "parentSuite", "value": "tests"}, {"name": "suite", "value": "test_profile"}, {"name": "subSuite", "value": "TestProfile"}, {"name": "host", "value": "Lenovo-1"}, {"name": "thread", "value": "16996-MainThread"}, {"name": "framework", "value": "pytest"}, {"name": "language", "value": "cpython3"}, {"name": "package", "value": "tests.test_profile"}]}