{"name": "Тест выхода из профиля", "status": "broken", "statusDetails": {"message": "selenium.common.exceptions.TimeoutException: Message: \nStacktrace:\nRemoteError@chrome://remote/content/shared/RemoteError.sys.mjs:8:8\nWebDriverError@chrome://remote/content/shared/webdriver/Errors.sys.mjs:187:5\nNoSuchElementError@chrome://remote/content/shared/webdriver/Errors.sys.mjs:505:5\nelement.find/</<@chrome://remote/content/marionette/element.sys.mjs:135:16", "trace": "self = <diplom_3.tests.test_profile.TestProfile object at 0x000001CF99C62630>, driver = <selenium.webdriver.firefox.webdriver.WebDriver (session=\"a47489a6-5b00-41d4-b931-5ab1b74d3f00\")>\n\n    @allure.title('Тест выхода из профиля')\n    def test_logout(self, driver):\n        profile_page = ProfilePage(driver)\n>       profile_page.click_log_out()\n\ntests\\test_profile.py:35: \n_ _ _ _ _ _ _ _ _ _ _ _ _ _ _ _ _ _ _ _ _ _ _ _ _ _ _ _ _ _ _ _ _ _ _ _ _ _ _ _ _ _ _ _ _ _ _ _ _ _ _ _ _ _ _ _ _ _ _ _ _ _ _ _ _ _ _ _ _ _ _ _ _ _ _ _ _ _ _ _ _ _ _ _ _ _ _ _ _ _ _ _ _ _ _ _ _ _ _ _ _ _ _ _ _ _ _ _ _ _ _ _ _ _ _ _\npages\\profile_page.py:22: in click_log_out\n    self.click(profile_locators.logout_button)\npages\\base_page.py:45: in click\n    button = self.wait(5).until(EC.element_to_be_clickable(locator))\n_ _ _ _ _ _ _ _ _ _ _ _ _ _ _ _ _ _ _ _ _ _ _ _ _ _ _ _ _ _ _ _ _ _ _ _ _ _ _ _ _ _ _ _ _ _ _ _ _ _ _ _ _ _ _ _ _ _ _ _ _ _ _ _ _ _ _ _ _ _ _ _ _ _ _ _ _ _ _ _ _ _ _ _ _ _ _ _ _ _ _ _ _ _ _ _ _ _ _ _ _ _ _ _ _ _ _ _ _ _ _ _ _ _ _ _\n\nself = <selenium.webdriver.support.wait.WebDriverWait (session=\"a47489a6-5b00-41d4-b931-5ab1b74d3f00\")>, method = <function element_to_be_clickable.<locals>._predicate at 0x000001CF9A1D6700>, message = ''\n\n    def until(self, method: Callable[[D], Union[Literal[False], T]], message: str = \"\") -> T:\n        \"\"\"Calls the method provided with the driver as an argument until the \\\n        return value does not evaluate to ``False``.\n    \n        :param method: callable(WebDriver)\n        :param message: optional message for :exc:`TimeoutException`\n        :returns: the result of the last call to `method`\n        :raises: :exc:`selenium.common.exceptions.TimeoutException` if timeout occurs\n        \"\"\"\n        screen = None\n        stacktrace = None\n    \n        end_time = time.monotonic() + self._timeout\n        while True:\n            try:\n                value = method(self._driver)\n                if value:\n                    return value\n            except self._ignored_exceptions as exc:\n                screen = getattr(exc, \"screen\", None)\n                stacktrace = getattr(exc, \"stacktrace\", None)\n            time.sleep(self._poll)\n            if time.monotonic() > end_time:\n                break\n>       raise TimeoutException(message, screen, stacktrace)\nE       selenium.common.exceptions.TimeoutException: Message: \nE       Stacktrace:\nE       RemoteError@chrome://remote/content/shared/RemoteError.sys.mjs:8:8\nE       WebDriverError@chrome://remote/content/shared/webdriver/Errors.sys.mjs:187:5\nE       NoSuchElementError@chrome://remote/content/shared/webdriver/Errors.sys.mjs:505:5\nE       element.find/</<@chrome://remote/content/marionette/element.sys.mjs:135:16\n\n.venv\\Lib\\site-packages\\selenium\\webdriver\\support\\wait.py:105: TimeoutException"}, "steps": [{"name": "Инициализация BasePage с драйвером", "status": "passed", "parameters": [{"name": "driver", "value": "<selenium.webdriver.firefox.webdriver.WebDriver (session=\"a47489a6-5b00-41d4-b931-5ab1b74d3f00\")>"}], "start": 1717764062421, "stop": 1717764062421}, {"name": "Кликаем по кнопке Выйти", "status": "broken", "statusDetails": {"message": "selenium.common.exceptions.TimeoutException: Message: \nStacktrace:\nRemoteError@chrome://remote/content/shared/RemoteError.sys.mjs:8:8\nWebDriverError@chrome://remote/content/shared/webdriver/Errors.sys.mjs:187:5\nNoSuchElementError@chrome://remote/content/shared/webdriver/Errors.sys.mjs:505:5\nelement.find/</<@chrome://remote/content/marionette/element.sys.mjs:135:16\n\n", "trace": "  File \"C:\\Users\\i-mal\\PycharmProjects\\diplom_3\\.venv\\Lib\\site-packages\\allure_commons\\_allure.py\", line 192, in impl\n    return func(*a, **kw)\n           ^^^^^^^^^^^^^^\n  File \"C:\\Users\\i-mal\\PycharmProjects\\diplom_3\\pages\\profile_page.py\", line 22, in click_log_out\n    self.click(profile_locators.logout_button)\n  File \"C:\\Users\\i-mal\\PycharmProjects\\diplom_3\\.venv\\Lib\\site-packages\\allure_commons\\_allure.py\", line 192, in impl\n    return func(*a, **kw)\n           ^^^^^^^^^^^^^^\n  File \"C:\\Users\\i-mal\\PycharmProjects\\diplom_3\\pages\\base_page.py\", line 45, in click\n    button = self.wait(5).until(EC.element_to_be_clickable(locator))\n             ^^^^^^^^^^^^^^^^^^^^^^^^^^^^^^^^^^^^^^^^^^^^^^^^^^^^^^^\n  File \"C:\\Users\\i-mal\\PycharmProjects\\diplom_3\\.venv\\Lib\\site-packages\\selenium\\webdriver\\support\\wait.py\", line 105, in until\n    raise TimeoutException(message, screen, stacktrace)\n"}, "steps": [{"name": "Клик по элементу с локатором", "status": "broken", "statusDetails": {"message": "selenium.common.exceptions.TimeoutException: Message: \nStacktrace:\nRemoteError@chrome://remote/content/shared/RemoteError.sys.mjs:8:8\nWebDriverError@chrome://remote/content/shared/webdriver/Errors.sys.mjs:187:5\nNoSuchElementError@chrome://remote/content/shared/webdriver/Errors.sys.mjs:505:5\nelement.find/</<@chrome://remote/content/marionette/element.sys.mjs:135:16\n\n", "trace": "  File \"C:\\Users\\i-mal\\PycharmProjects\\diplom_3\\.venv\\Lib\\site-packages\\allure_commons\\_allure.py\", line 192, in impl\n    return func(*a, **kw)\n           ^^^^^^^^^^^^^^\n  File \"C:\\Users\\i-mal\\PycharmProjects\\diplom_3\\pages\\base_page.py\", line 45, in click\n    button = self.wait(5).until(EC.element_to_be_clickable(locator))\n             ^^^^^^^^^^^^^^^^^^^^^^^^^^^^^^^^^^^^^^^^^^^^^^^^^^^^^^^\n  File \"C:\\Users\\i-mal\\PycharmProjects\\diplom_3\\.venv\\Lib\\site-packages\\selenium\\webdriver\\support\\wait.py\", line 105, in until\n    raise TimeoutException(message, screen, stacktrace)\n"}, "steps": [{"name": "Ожидание, секунд", "status": "passed", "parameters": [{"name": "time", "value": "5"}], "start": 1717764062421, "stop": 1717764062421}], "parameters": [{"name": "locator", "value": "('xpath', \".//button[text()='Выход']\")"}], "start": 1717764062421, "stop": 1717764067491}], "start": 1717764062421, "stop": 1717764067492}], "parameters": [{"name": "driver", "value": "'Browser FireFox'"}], "start": 1717764062420, "stop": 1717764067494, "uuid": "49c4e790-8a62-4c5b-8ffa-1c8aa8b6d31f", "historyId": "8cb45bb09ed48ab99e2d112b460b05e6", "testCaseId": "7e7da2fe799c0f1b005fcdecf9773a22", "fullName": "tests.test_profile.TestProfile#test_logout", "labels": [{"name": "parentSuite", "value": "tests"}, {"name": "suite", "value": "test_profile"}, {"name": "subSuite", "value": "TestProfile"}, {"name": "host", "value": "Lenovo-1"}, {"name": "thread", "value": "16996-MainThread"}, {"name": "framework", "value": "pytest"}, {"name": "language", "value": "cpython3"}, {"name": "package", "value": "tests.test_profile"}]}