{"name": "Тест создания заказа", "status": "broken", "statusDetails": {"message": "selenium.common.exceptions.MoveTargetOutOfBoundsException: Message: (164, 627) is out of bounds of viewport width (1280) and height (587)\nStacktrace:\nRemoteError@chrome://remote/content/shared/RemoteError.sys.mjs:8:8\nWebDriverError@chrome://remote/content/shared/webdriver/Errors.sys.mjs:187:5\nMoveTargetOutOfBoundsError@chrome://remote/content/shared/webdriver/Errors.sys.mjs:473:5\nassertInViewPort@chrome://remote/content/shared/webdriver/Actions.sys.mjs:2131:11\ndispatch@chrome://remote/content/shared/webdriver/Actions.sys.mjs:1026:21\ndispatch/pendingEvents<@chrome://remote/content/shared/webdriver/Actions.sys.mjs:1845:14\ndispatch@chrome://remote/content/shared/webdriver/Actions.sys.mjs:1844:39\ndispatch/chainEvents<@chrome://remote/content/shared/webdriver/Actions.sys.mjs:1770:27\ndispatch@chrome://remote/content/shared/webdriver/Actions.sys.mjs:1772:7\nperformActions@chrome://remote/content/marionette/actors/MarionetteCommandsChild.sys.mjs:516:23\nreceiveMessage@chrome://remote/content/marionette/actors/MarionetteCommandsChild.sys.mjs:156:31", "trace": "self = <diplom_3.tests.test_index.TestIndex object at 0x000001CF99C61910>, driver = <selenium.webdriver.firefox.webdriver.WebDriver (session=\"eb79cfcb-c9aa-46d3-b1a6-3f4350b4002e\")>\n\n    @allure.title('Тест создания заказа')\n    def test_order(self, driver):\n        index_page = IndexPage(driver)\n        login_page = LoginPage(driver)\n        index_page.load()\n        index_page.click_profile()\n        login_page.login_test_user()\n        index_page.click_constructor()\n>       order_number = index_page.create_order()\n\ntests\\test_index.py:65: \n_ _ _ _ _ _ _ _ _ _ _ _ _ _ _ _ _ _ _ _ _ _ _ _ _ _ _ _ _ _ _ _ _ _ _ _ _ _ _ _ _ _ _ _ _ _ _ _ _ _ _ _ _ _ _ _ _ _ _ _ _ _ _ _ _ _ _ _ _ _ _ _ _ _ _ _ _ _ _ _ _ _ _ _ _ _ _ _ _ _ _ _ _ _ _ _ _ _ _ _ _ _ _ _ _ _ _ _ _ _ _ _ _ _ _ _\npages\\index_page.py:117: in create_order\n    self.add_sauce_to_order()\npages\\index_page.py:107: in add_sauce_to_order\n    self.drag_and_drop(drag, drop)\npages\\base_page.py:86: in drag_and_drop\n    action.perform()\n.venv\\Lib\\site-packages\\selenium\\webdriver\\common\\action_chains.py:94: in perform\n    self.w3c_actions.perform()\n.venv\\Lib\\site-packages\\selenium\\webdriver\\common\\actions\\action_builder.py:96: in perform\n    self.driver.execute(Command.W3C_ACTIONS, enc)\n.venv\\Lib\\site-packages\\selenium\\webdriver\\remote\\webdriver.py:347: in execute\n    self.error_handler.check_response(response)\n_ _ _ _ _ _ _ _ _ _ _ _ _ _ _ _ _ _ _ _ _ _ _ _ _ _ _ _ _ _ _ _ _ _ _ _ _ _ _ _ _ _ _ _ _ _ _ _ _ _ _ _ _ _ _ _ _ _ _ _ _ _ _ _ _ _ _ _ _ _ _ _ _ _ _ _ _ _ _ _ _ _ _ _ _ _ _ _ _ _ _ _ _ _ _ _ _ _ _ _ _ _ _ _ _ _ _ _ _ _ _ _ _ _ _ _\n\nself = <selenium.webdriver.remote.errorhandler.ErrorHandler object at 0x000001CF99CAB110>\nresponse = {'status': 500, 'value': '{\"value\":{\"error\":\"move target out of bounds\",\"message\":\"(164, 627) is out of bounds of view...ys.mjs:516:23\\\\nreceiveMessage@chrome://remote/content/marionette/actors/MarionetteCommandsChild.sys.mjs:156:31\\\\n\"}}'}\n\n    def check_response(self, response: Dict[str, Any]) -> None:\n        \"\"\"Checks that a JSON response from the WebDriver does not have an\n        error.\n    \n        :Args:\n         - response - The JSON response from the WebDriver server as a dictionary\n           object.\n    \n        :Raises: If the response contains an error message.\n        \"\"\"\n        status = response.get(\"status\", None)\n        if not status or status == ErrorCode.SUCCESS:\n            return\n        value = None\n        message = response.get(\"message\", \"\")\n        screen: str = response.get(\"screen\", \"\")\n        stacktrace = None\n        if isinstance(status, int):\n            value_json = response.get(\"value\", None)\n            if value_json and isinstance(value_json, str):\n                import json\n    \n                try:\n                    value = json.loads(value_json)\n                    if len(value) == 1:\n                        value = value[\"value\"]\n                    status = value.get(\"error\", None)\n                    if not status:\n                        status = value.get(\"status\", ErrorCode.UNKNOWN_ERROR)\n                        message = value.get(\"value\") or value.get(\"message\")\n                        if not isinstance(message, str):\n                            value = message\n                            message = message.get(\"message\")\n                    else:\n                        message = value.get(\"message\", None)\n                except ValueError:\n                    pass\n    \n        exception_class: Type[WebDriverException]\n        e = ErrorCode()\n        error_codes = [item for item in dir(e) if not item.startswith(\"__\")]\n        for error_code in error_codes:\n            error_info = getattr(ErrorCode, error_code)\n            if isinstance(error_info, list) and status in error_info:\n                exception_class = getattr(ExceptionMapping, error_code, WebDriverException)\n                break\n        else:\n            exception_class = WebDriverException\n    \n        if not value:\n            value = response[\"value\"]\n        if isinstance(value, str):\n            raise exception_class(value)\n        if message == \"\" and \"message\" in value:\n            message = value[\"message\"]\n    \n        screen = None  # type: ignore[assignment]\n        if \"screen\" in value:\n            screen = value[\"screen\"]\n    \n        stacktrace = None\n        st_value = value.get(\"stackTrace\") or value.get(\"stacktrace\")\n        if st_value:\n            if isinstance(st_value, str):\n                stacktrace = st_value.split(\"\\n\")\n            else:\n                stacktrace = []\n                try:\n                    for frame in st_value:\n                        line = frame.get(\"lineNumber\", \"\")\n                        file = frame.get(\"fileName\", \"<anonymous>\")\n                        if line:\n                            file = f\"{file}:{line}\"\n                        meth = frame.get(\"methodName\", \"<anonymous>\")\n                        if \"className\" in frame:\n                            meth = f\"{frame['className']}.{meth}\"\n                        msg = \"    at %s (%s)\"\n                        msg = msg % (meth, file)\n                        stacktrace.append(msg)\n                except TypeError:\n                    pass\n        if exception_class == UnexpectedAlertPresentException:\n            alert_text = None\n            if \"data\" in value:\n                alert_text = value[\"data\"].get(\"text\")\n            elif \"alert\" in value:\n                alert_text = value[\"alert\"].get(\"text\")\n            raise exception_class(message, screen, stacktrace, alert_text)  # type: ignore[call-arg]  # mypy is not smart enough here\n>       raise exception_class(message, screen, stacktrace)\nE       selenium.common.exceptions.MoveTargetOutOfBoundsException: Message: (164, 627) is out of bounds of viewport width (1280) and height (587)\nE       Stacktrace:\nE       RemoteError@chrome://remote/content/shared/RemoteError.sys.mjs:8:8\nE       WebDriverError@chrome://remote/content/shared/webdriver/Errors.sys.mjs:187:5\nE       MoveTargetOutOfBoundsError@chrome://remote/content/shared/webdriver/Errors.sys.mjs:473:5\nE       assertInViewPort@chrome://remote/content/shared/webdriver/Actions.sys.mjs:2131:11\nE       dispatch@chrome://remote/content/shared/webdriver/Actions.sys.mjs:1026:21\nE       dispatch/pendingEvents<@chrome://remote/content/shared/webdriver/Actions.sys.mjs:1845:14\nE       dispatch@chrome://remote/content/shared/webdriver/Actions.sys.mjs:1844:39\nE       dispatch/chainEvents<@chrome://remote/content/shared/webdriver/Actions.sys.mjs:1770:27\nE       dispatch@chrome://remote/content/shared/webdriver/Actions.sys.mjs:1772:7\nE       performActions@chrome://remote/content/marionette/actors/MarionetteCommandsChild.sys.mjs:516:23\nE       receiveMessage@chrome://remote/content/marionette/actors/MarionetteCommandsChild.sys.mjs:156:31\n\n.venv\\Lib\\site-packages\\selenium\\webdriver\\remote\\errorhandler.py:229: MoveTargetOutOfBoundsException"}, "steps": [{"name": "Инициализация BasePage с драйвером", "status": "passed", "parameters": [{"name": "driver", "value": "<selenium.webdriver.firefox.webdriver.WebDriver (session=\"eb79cfcb-c9aa-46d3-b1a6-3f4350b4002e\")>"}], "start": 1717764024448, "stop": 1717764024448}, {"name": "Инициализация BasePage с драйвером", "status": "passed", "parameters": [{"name": "driver", "value": "<selenium.webdriver.firefox.webdriver.WebDriver (session=\"eb79cfcb-c9aa-46d3-b1a6-3f4350b4002e\")>"}], "start": 1717764024448, "stop": 1717764024448}, {"name": "Загрузка страницы с ссылкой", "status": "passed", "start": 1717764024448, "stop": 1717764024678}, {"name": "Кликаем по кнопке Личный кабинет", "status": "passed", "steps": [{"name": "Клик по элементу с локатором", "status": "passed", "steps": [{"name": "Ожидание, секунд", "status": "passed", "parameters": [{"name": "time", "value": "5"}], "start": 1717764024679, "stop": 1717764024679}], "parameters": [{"name": "locator", "value": "('xpath', \".//p[text()='Личный Кабинет']\")"}], "start": 1717764024678, "stop": 1717764024767}], "start": 1717764024678, "stop": 1717764024767}, {"name": "Авторизация тестового-пользователя", "status": "passed", "steps": [{"name": "Выполняем авторизацию", "status": "passed", "steps": [{"name": "Ожидание видимости элемента, локатор", "status": "passed", "steps": [{"name": "Ожидание, секунд", "status": "passed", "parameters": [{"name": "time", "value": "5"}], "start": 1717764024768, "stop": 1717764024768}], "parameters": [{"name": "locator", "value": "('xpath', \".//input[contains(@name,'name')]\")"}], "start": 1717764024768, "stop": 1717764024790}, {"name": "Ожидание видимости элемента, локатор", "status": "passed", "steps": [{"name": "Ожидание, секунд", "status": "passed", "parameters": [{"name": "time", "value": "5"}], "start": 1717764024790, "stop": 1717764024790}], "parameters": [{"name": "locator", "value": "('xpath', \".//input[contains(@name,'Пароль')]\")"}], "start": 1717764024790, "stop": 1717764024807}, {"name": "Клик по элементу с локатором", "status": "passed", "steps": [{"name": "Ожидание, секунд", "status": "passed", "parameters": [{"name": "time", "value": "5"}], "start": 1717764024967, "stop": 1717764024967}], "parameters": [{"name": "locator", "value": "('xpath', \".//button[text()='Войти']\")"}], "start": 1717764024967, "stop": 1717764025039}], "parameters": [{"name": "email", "value": "'malkin_kogorta_7@ya.ru'"}, {"name": "password", "value": "'123456'"}], "start": 1717764024768, "stop": 1717764025039}], "start": 1717764024767, "stop": 1717764025039}, {"name": "Кликаем по Конструктору", "status": "passed", "steps": [{"name": "Клик по элементу с локатором, с ожиданием", "status": "passed", "steps": [{"name": "Ожидание, секунд", "status": "passed", "parameters": [{"name": "time", "value": "5"}], "start": 1717764025039, "stop": 1717764025039}], "parameters": [{"name": "locator", "value": "('xpath', \".//p[text()='Конструктор']\")"}], "start": 1717764025039, "stop": 1717764026362}], "start": 1717764025039, "stop": 1717764026363}, {"name": "Создаём заказ", "status": "broken", "statusDetails": {"message": "selenium.common.exceptions.MoveTargetOutOfBoundsException: Message: (164, 627) is out of bounds of viewport width (1280) and height (587)\nStacktrace:\nRemoteError@chrome://remote/content/shared/RemoteError.sys.mjs:8:8\nWebDriverError@chrome://remote/content/shared/webdriver/Errors.sys.mjs:187:5\nMoveTargetOutOfBoundsError@chrome://remote/content/shared/webdriver/Errors.sys.mjs:473:5\nassertInViewPort@chrome://remote/content/shared/webdriver/Actions.sys.mjs:2131:11\ndispatch@chrome://remote/content/shared/webdriver/Actions.sys.mjs:1026:21\ndispatch/pendingEvents<@chrome://remote/content/shared/webdriver/Actions.sys.mjs:1845:14\ndispatch@chrome://remote/content/shared/webdriver/Actions.sys.mjs:1844:39\ndispatch/chainEvents<@chrome://remote/content/shared/webdriver/Actions.sys.mjs:1770:27\ndispatch@chrome://remote/content/shared/webdriver/Actions.sys.mjs:1772:7\nperformActions@chrome://remote/content/marionette/actors/MarionetteCommandsChild.sys.mjs:516:23\nreceiveMessage@chrome://remote/content/marionette/actors/MarionetteCommandsChild.sys.mjs:156:31\n\n", "trace": "  File \"C:\\Users\\i-mal\\PycharmProjects\\diplom_3\\.venv\\Lib\\site-packages\\allure_commons\\_allure.py\", line 192, in impl\n    return func(*a, **kw)\n           ^^^^^^^^^^^^^^\n  File \"C:\\Users\\i-mal\\PycharmProjects\\diplom_3\\pages\\index_page.py\", line 117, in create_order\n    self.add_sauce_to_order()\n  File \"C:\\Users\\i-mal\\PycharmProjects\\diplom_3\\.venv\\Lib\\site-packages\\allure_commons\\_allure.py\", line 192, in impl\n    return func(*a, **kw)\n           ^^^^^^^^^^^^^^\n  File \"C:\\Users\\i-mal\\PycharmProjects\\diplom_3\\pages\\index_page.py\", line 107, in add_sauce_to_order\n    self.drag_and_drop(drag, drop)\n  File \"C:\\Users\\i-mal\\PycharmProjects\\diplom_3\\.venv\\Lib\\site-packages\\allure_commons\\_allure.py\", line 192, in impl\n    return func(*a, **kw)\n           ^^^^^^^^^^^^^^\n  File \"C:\\Users\\i-mal\\PycharmProjects\\diplom_3\\pages\\base_page.py\", line 86, in drag_and_drop\n    action.perform()\n  File \"C:\\Users\\i-mal\\PycharmProjects\\diplom_3\\.venv\\Lib\\site-packages\\selenium\\webdriver\\common\\action_chains.py\", line 94, in perform\n    self.w3c_actions.perform()\n  File \"C:\\Users\\i-mal\\PycharmProjects\\diplom_3\\.venv\\Lib\\site-packages\\selenium\\webdriver\\common\\actions\\action_builder.py\", line 96, in perform\n    self.driver.execute(Command.W3C_ACTIONS, enc)\n  File \"C:\\Users\\i-mal\\PycharmProjects\\diplom_3\\.venv\\Lib\\site-packages\\selenium\\webdriver\\remote\\webdriver.py\", line 347, in execute\n    self.error_handler.check_response(response)\n  File \"C:\\Users\\i-mal\\PycharmProjects\\diplom_3\\.venv\\Lib\\site-packages\\selenium\\webdriver\\remote\\errorhandler.py\", line 229, in check_response\n    raise exception_class(message, screen, stacktrace)\n"}, "steps": [{"name": "Перетаскиваем бургер в корзину", "status": "passed", "steps": [{"name": "Ожидание, пока элемент станет кликабельным", "status": "passed", "steps": [{"name": "Ожидание, секунд", "status": "passed", "parameters": [{"name": "time", "value": "5"}], "start": 1717764026363, "stop": 1717764026363}], "parameters": [{"name": "element", "value": "('xpath', \".//div/ul/a/p[text()='Флюоресцентная булка R2-D3']/parent::a\")"}], "start": 1717764026363, "stop": 1717764026380}, {"name": "Ожидание, пока элемент станет кликабельным", "status": "passed", "steps": [{"name": "Ожидание, секунд", "status": "passed", "parameters": [{"name": "time", "value": "5"}], "start": 1717764026381, "stop": 1717764026381}], "parameters": [{"name": "element", "value": "('xpath', './/ul[contains(@class,\"BurgerConstructor\")]')"}], "start": 1717764026381, "stop": 1717764026395}, {"name": "Перетаскивание элемента", "status": "passed", "parameters": [{"name": "drag", "value": "<selenium.webdriver.remote.webelement.WebElement (session=\"eb79cfcb-c9aa-46d3-b1a6-3f4350b4002e\", element=\"57ae055e-244e-4ea9-8087-3a547ee2151f\")>"}, {"name": "drop", "value": "<selenium.webdriver.remote.webelement.WebElement (session=\"eb79cfcb-c9aa-46d3-b1a6-3f4350b4002e\", element=\"82354505-5a87-4d09-b12c-a5a507f3bbcc\")>"}], "start": 1717764026396, "stop": 1717764029242}], "start": 1717764026363, "stop": 1717764029242}, {"name": "Перетаскиваем соус в корзину", "status": "broken", "statusDetails": {"message": "selenium.common.exceptions.MoveTargetOutOfBoundsException: Message: (164, 627) is out of bounds of viewport width (1280) and height (587)\nStacktrace:\nRemoteError@chrome://remote/content/shared/RemoteError.sys.mjs:8:8\nWebDriverError@chrome://remote/content/shared/webdriver/Errors.sys.mjs:187:5\nMoveTargetOutOfBoundsError@chrome://remote/content/shared/webdriver/Errors.sys.mjs:473:5\nassertInViewPort@chrome://remote/content/shared/webdriver/Actions.sys.mjs:2131:11\ndispatch@chrome://remote/content/shared/webdriver/Actions.sys.mjs:1026:21\ndispatch/pendingEvents<@chrome://remote/content/shared/webdriver/Actions.sys.mjs:1845:14\ndispatch@chrome://remote/content/shared/webdriver/Actions.sys.mjs:1844:39\ndispatch/chainEvents<@chrome://remote/content/shared/webdriver/Actions.sys.mjs:1770:27\ndispatch@chrome://remote/content/shared/webdriver/Actions.sys.mjs:1772:7\nperformActions@chrome://remote/content/marionette/actors/MarionetteCommandsChild.sys.mjs:516:23\nreceiveMessage@chrome://remote/content/marionette/actors/MarionetteCommandsChild.sys.mjs:156:31\n\n", "trace": "  File \"C:\\Users\\i-mal\\PycharmProjects\\diplom_3\\.venv\\Lib\\site-packages\\allure_commons\\_allure.py\", line 192, in impl\n    return func(*a, **kw)\n           ^^^^^^^^^^^^^^\n  File \"C:\\Users\\i-mal\\PycharmProjects\\diplom_3\\pages\\index_page.py\", line 107, in add_sauce_to_order\n    self.drag_and_drop(drag, drop)\n  File \"C:\\Users\\i-mal\\PycharmProjects\\diplom_3\\.venv\\Lib\\site-packages\\allure_commons\\_allure.py\", line 192, in impl\n    return func(*a, **kw)\n           ^^^^^^^^^^^^^^\n  File \"C:\\Users\\i-mal\\PycharmProjects\\diplom_3\\pages\\base_page.py\", line 86, in drag_and_drop\n    action.perform()\n  File \"C:\\Users\\i-mal\\PycharmProjects\\diplom_3\\.venv\\Lib\\site-packages\\selenium\\webdriver\\common\\action_chains.py\", line 94, in perform\n    self.w3c_actions.perform()\n  File \"C:\\Users\\i-mal\\PycharmProjects\\diplom_3\\.venv\\Lib\\site-packages\\selenium\\webdriver\\common\\actions\\action_builder.py\", line 96, in perform\n    self.driver.execute(Command.W3C_ACTIONS, enc)\n  File \"C:\\Users\\i-mal\\PycharmProjects\\diplom_3\\.venv\\Lib\\site-packages\\selenium\\webdriver\\remote\\webdriver.py\", line 347, in execute\n    self.error_handler.check_response(response)\n  File \"C:\\Users\\i-mal\\PycharmProjects\\diplom_3\\.venv\\Lib\\site-packages\\selenium\\webdriver\\remote\\errorhandler.py\", line 229, in check_response\n    raise exception_class(message, screen, stacktrace)\n"}, "steps": [{"name": "Ожидание, пока элемент станет кликабельным", "status": "passed", "steps": [{"name": "Ожидание, секунд", "status": "passed", "parameters": [{"name": "time", "value": "5"}], "start": 1717764029242, "stop": 1717764029242}], "parameters": [{"name": "element", "value": "('xpath', \".//div/ul/a/p[text()='Соус Spicy-X']/parent::a\")"}], "start": 1717764029242, "stop": 1717764029266}, {"name": "Ожидание, пока элемент станет кликабельным", "status": "passed", "steps": [{"name": "Ожидание, секунд", "status": "passed", "parameters": [{"name": "time", "value": "5"}], "start": 1717764029266, "stop": 1717764029266}], "parameters": [{"name": "element", "value": "('xpath', './/ul[contains(@class,\"BurgerConstructor\")]')"}], "start": 1717764029266, "stop": 1717764029286}, {"name": "Перетаскивание элемента", "status": "broken", "statusDetails": {"message": "selenium.common.exceptions.MoveTargetOutOfBoundsException: Message: (164, 627) is out of bounds of viewport width (1280) and height (587)\nStacktrace:\nRemoteError@chrome://remote/content/shared/RemoteError.sys.mjs:8:8\nWebDriverError@chrome://remote/content/shared/webdriver/Errors.sys.mjs:187:5\nMoveTargetOutOfBoundsError@chrome://remote/content/shared/webdriver/Errors.sys.mjs:473:5\nassertInViewPort@chrome://remote/content/shared/webdriver/Actions.sys.mjs:2131:11\ndispatch@chrome://remote/content/shared/webdriver/Actions.sys.mjs:1026:21\ndispatch/pendingEvents<@chrome://remote/content/shared/webdriver/Actions.sys.mjs:1845:14\ndispatch@chrome://remote/content/shared/webdriver/Actions.sys.mjs:1844:39\ndispatch/chainEvents<@chrome://remote/content/shared/webdriver/Actions.sys.mjs:1770:27\ndispatch@chrome://remote/content/shared/webdriver/Actions.sys.mjs:1772:7\nperformActions@chrome://remote/content/marionette/actors/MarionetteCommandsChild.sys.mjs:516:23\nreceiveMessage@chrome://remote/content/marionette/actors/MarionetteCommandsChild.sys.mjs:156:31\n\n", "trace": "  File \"C:\\Users\\i-mal\\PycharmProjects\\diplom_3\\.venv\\Lib\\site-packages\\allure_commons\\_allure.py\", line 192, in impl\n    return func(*a, **kw)\n           ^^^^^^^^^^^^^^\n  File \"C:\\Users\\i-mal\\PycharmProjects\\diplom_3\\pages\\base_page.py\", line 86, in drag_and_drop\n    action.perform()\n  File \"C:\\Users\\i-mal\\PycharmProjects\\diplom_3\\.venv\\Lib\\site-packages\\selenium\\webdriver\\common\\action_chains.py\", line 94, in perform\n    self.w3c_actions.perform()\n  File \"C:\\Users\\i-mal\\PycharmProjects\\diplom_3\\.venv\\Lib\\site-packages\\selenium\\webdriver\\common\\actions\\action_builder.py\", line 96, in perform\n    self.driver.execute(Command.W3C_ACTIONS, enc)\n  File \"C:\\Users\\i-mal\\PycharmProjects\\diplom_3\\.venv\\Lib\\site-packages\\selenium\\webdriver\\remote\\webdriver.py\", line 347, in execute\n    self.error_handler.check_response(response)\n  File \"C:\\Users\\i-mal\\PycharmProjects\\diplom_3\\.venv\\Lib\\site-packages\\selenium\\webdriver\\remote\\errorhandler.py\", line 229, in check_response\n    raise exception_class(message, screen, stacktrace)\n"}, "parameters": [{"name": "drag", "value": "<selenium.webdriver.remote.webelement.WebElement (session=\"eb79cfcb-c9aa-46d3-b1a6-3f4350b4002e\", element=\"7cd3818b-c57c-48cb-a0c0-5ae531f6d3a3\")>"}, {"name": "drop", "value": "<selenium.webdriver.remote.webelement.WebElement (session=\"eb79cfcb-c9aa-46d3-b1a6-3f4350b4002e\", element=\"82354505-5a87-4d09-b12c-a5a507f3bbcc\")>"}], "start": 1717764029286, "stop": 1717764029292}], "start": 1717764029242, "stop": 1717764029294}], "start": 1717764026363, "stop": 1717764029294}], "parameters": [{"name": "driver", "value": "'Browser FireFox'"}], "start": 1717764024448, "stop": 1717764029295, "uuid": "d58ed88e-6f20-4eb0-9177-e7d30b6f3e38", "historyId": "c2f0b87512248023f07806647c37223d", "testCaseId": "0afcf61eb8f1674e4f6bef7cda27d7ea", "fullName": "tests.test_index.TestIndex#test_order", "labels": [{"name": "parentSuite", "value": "tests"}, {"name": "suite", "value": "test_index"}, {"name": "subSuite", "value": "TestIndex"}, {"name": "host", "value": "Lenovo-1"}, {"name": "thread", "value": "16996-MainThread"}, {"name": "framework", "value": "pytest"}, {"name": "language", "value": "cpython3"}, {"name": "package", "value": "tests.test_index"}]}