{"name": "Тест на работу счетчиков", "status": "broken", "statusDetails": {"message": "selenium.common.exceptions.MoveTargetOutOfBoundsException: Message: (164, 627) is out of bounds of viewport width (1280) and height (587)\nStacktrace:\nRemoteError@chrome://remote/content/shared/RemoteError.sys.mjs:8:8\nWebDriverError@chrome://remote/content/shared/webdriver/Errors.sys.mjs:187:5\nMoveTargetOutOfBoundsError@chrome://remote/content/shared/webdriver/Errors.sys.mjs:473:5\nassertInViewPort@chrome://remote/content/shared/webdriver/Actions.sys.mjs:2131:11\ndispatch@chrome://remote/content/shared/webdriver/Actions.sys.mjs:1026:21\ndispatch/pendingEvents<@chrome://remote/content/shared/webdriver/Actions.sys.mjs:1845:14\ndispatch@chrome://remote/content/shared/webdriver/Actions.sys.mjs:1844:39\ndispatch/chainEvents<@chrome://remote/content/shared/webdriver/Actions.sys.mjs:1770:27\ndispatch@chrome://remote/content/shared/webdriver/Actions.sys.mjs:1772:7\nperformActions@chrome://remote/content/marionette/actors/MarionetteCommandsChild.sys.mjs:516:23\nreceiveMessage@chrome://remote/content/marionette/actors/MarionetteCommandsChild.sys.mjs:156:31", "trace": "self = <diplom_3.tests.test_feed.TestFeed object at 0x000001CF99C602C0>, driver = <selenium.webdriver.firefox.webdriver.WebDriver (session=\"b7b2fc22-370d-4973-a885-36f2ef9601e6\")>\n\n    @allure.title('Тест на работу счетчиков')\n    @allure.step('Проверка работы счетчиков')\n    def test_counters(self, driver):\n        feed_page = FeedPage(driver)\n        index_page = IndexPage(driver)\n        login_page = LoginPage(driver)\n    \n        index_page.load()\n        index_page.click_profile()\n        login_page.login_test_user()\n    \n        index_page.click_timeline()\n        before_counters = feed_page.check_counters()\n    \n        index_page.click_constructor()\n>       index_page.create_order()\n\ntests\\test_feed.py:33: \n_ _ _ _ _ _ _ _ _ _ _ _ _ _ _ _ _ _ _ _ _ _ _ _ _ _ _ _ _ _ _ _ _ _ _ _ _ _ _ _ _ _ _ _ _ _ _ _ _ _ _ _ _ _ _ _ _ _ _ _ _ _ _ _ _ _ _ _ _ _ _ _ _ _ _ _ _ _ _ _ _ _ _ _ _ _ _ _ _ _ _ _ _ _ _ _ _ _ _ _ _ _ _ _ _ _ _ _ _ _ _ _ _ _ _ _\npages\\index_page.py:117: in create_order\n    self.add_sauce_to_order()\npages\\index_page.py:107: in add_sauce_to_order\n    self.drag_and_drop(drag, drop)\npages\\base_page.py:86: in drag_and_drop\n    action.perform()\n.venv\\Lib\\site-packages\\selenium\\webdriver\\common\\action_chains.py:94: in perform\n    self.w3c_actions.perform()\n.venv\\Lib\\site-packages\\selenium\\webdriver\\common\\actions\\action_builder.py:96: in perform\n    self.driver.execute(Command.W3C_ACTIONS, enc)\n.venv\\Lib\\site-packages\\selenium\\webdriver\\remote\\webdriver.py:347: in execute\n    self.error_handler.check_response(response)\n_ _ _ _ _ _ _ _ _ _ _ _ _ _ _ _ _ _ _ _ _ _ _ _ _ _ _ _ _ _ _ _ _ _ _ _ _ _ _ _ _ _ _ _ _ _ _ _ _ _ _ _ _ _ _ _ _ _ _ _ _ _ _ _ _ _ _ _ _ _ _ _ _ _ _ _ _ _ _ _ _ _ _ _ _ _ _ _ _ _ _ _ _ _ _ _ _ _ _ _ _ _ _ _ _ _ _ _ _ _ _ _ _ _ _ _\n\nself = <selenium.webdriver.remote.errorhandler.ErrorHandler object at 0x000001CF99CA8EC0>\nresponse = {'status': 500, 'value': '{\"value\":{\"error\":\"move target out of bounds\",\"message\":\"(164, 627) is out of bounds of view...ys.mjs:516:23\\\\nreceiveMessage@chrome://remote/content/marionette/actors/MarionetteCommandsChild.sys.mjs:156:31\\\\n\"}}'}\n\n    def check_response(self, response: Dict[str, Any]) -> None:\n        \"\"\"Checks that a JSON response from the WebDriver does not have an\n        error.\n    \n        :Args:\n         - response - The JSON response from the WebDriver server as a dictionary\n           object.\n    \n        :Raises: If the response contains an error message.\n        \"\"\"\n        status = response.get(\"status\", None)\n        if not status or status == ErrorCode.SUCCESS:\n            return\n        value = None\n        message = response.get(\"message\", \"\")\n        screen: str = response.get(\"screen\", \"\")\n        stacktrace = None\n        if isinstance(status, int):\n            value_json = response.get(\"value\", None)\n            if value_json and isinstance(value_json, str):\n                import json\n    \n                try:\n                    value = json.loads(value_json)\n                    if len(value) == 1:\n                        value = value[\"value\"]\n                    status = value.get(\"error\", None)\n                    if not status:\n                        status = value.get(\"status\", ErrorCode.UNKNOWN_ERROR)\n                        message = value.get(\"value\") or value.get(\"message\")\n                        if not isinstance(message, str):\n                            value = message\n                            message = message.get(\"message\")\n                    else:\n                        message = value.get(\"message\", None)\n                except ValueError:\n                    pass\n    \n        exception_class: Type[WebDriverException]\n        e = ErrorCode()\n        error_codes = [item for item in dir(e) if not item.startswith(\"__\")]\n        for error_code in error_codes:\n            error_info = getattr(ErrorCode, error_code)\n            if isinstance(error_info, list) and status in error_info:\n                exception_class = getattr(ExceptionMapping, error_code, WebDriverException)\n                break\n        else:\n            exception_class = WebDriverException\n    \n        if not value:\n            value = response[\"value\"]\n        if isinstance(value, str):\n            raise exception_class(value)\n        if message == \"\" and \"message\" in value:\n            message = value[\"message\"]\n    \n        screen = None  # type: ignore[assignment]\n        if \"screen\" in value:\n            screen = value[\"screen\"]\n    \n        stacktrace = None\n        st_value = value.get(\"stackTrace\") or value.get(\"stacktrace\")\n        if st_value:\n            if isinstance(st_value, str):\n                stacktrace = st_value.split(\"\\n\")\n            else:\n                stacktrace = []\n                try:\n                    for frame in st_value:\n                        line = frame.get(\"lineNumber\", \"\")\n                        file = frame.get(\"fileName\", \"<anonymous>\")\n                        if line:\n                            file = f\"{file}:{line}\"\n                        meth = frame.get(\"methodName\", \"<anonymous>\")\n                        if \"className\" in frame:\n                            meth = f\"{frame['className']}.{meth}\"\n                        msg = \"    at %s (%s)\"\n                        msg = msg % (meth, file)\n                        stacktrace.append(msg)\n                except TypeError:\n                    pass\n        if exception_class == UnexpectedAlertPresentException:\n            alert_text = None\n            if \"data\" in value:\n                alert_text = value[\"data\"].get(\"text\")\n            elif \"alert\" in value:\n                alert_text = value[\"alert\"].get(\"text\")\n            raise exception_class(message, screen, stacktrace, alert_text)  # type: ignore[call-arg]  # mypy is not smart enough here\n>       raise exception_class(message, screen, stacktrace)\nE       selenium.common.exceptions.MoveTargetOutOfBoundsException: Message: (164, 627) is out of bounds of viewport width (1280) and height (587)\nE       Stacktrace:\nE       RemoteError@chrome://remote/content/shared/RemoteError.sys.mjs:8:8\nE       WebDriverError@chrome://remote/content/shared/webdriver/Errors.sys.mjs:187:5\nE       MoveTargetOutOfBoundsError@chrome://remote/content/shared/webdriver/Errors.sys.mjs:473:5\nE       assertInViewPort@chrome://remote/content/shared/webdriver/Actions.sys.mjs:2131:11\nE       dispatch@chrome://remote/content/shared/webdriver/Actions.sys.mjs:1026:21\nE       dispatch/pendingEvents<@chrome://remote/content/shared/webdriver/Actions.sys.mjs:1845:14\nE       dispatch@chrome://remote/content/shared/webdriver/Actions.sys.mjs:1844:39\nE       dispatch/chainEvents<@chrome://remote/content/shared/webdriver/Actions.sys.mjs:1770:27\nE       dispatch@chrome://remote/content/shared/webdriver/Actions.sys.mjs:1772:7\nE       performActions@chrome://remote/content/marionette/actors/MarionetteCommandsChild.sys.mjs:516:23\nE       receiveMessage@chrome://remote/content/marionette/actors/MarionetteCommandsChild.sys.mjs:156:31\n\n.venv\\Lib\\site-packages\\selenium\\webdriver\\remote\\errorhandler.py:229: MoveTargetOutOfBoundsException"}, "steps": [{"name": "Проверка работы счетчиков", "status": "broken", "statusDetails": {"message": "selenium.common.exceptions.MoveTargetOutOfBoundsException: Message: (164, 627) is out of bounds of viewport width (1280) and height (587)\nStacktrace:\nRemoteError@chrome://remote/content/shared/RemoteError.sys.mjs:8:8\nWebDriverError@chrome://remote/content/shared/webdriver/Errors.sys.mjs:187:5\nMoveTargetOutOfBoundsError@chrome://remote/content/shared/webdriver/Errors.sys.mjs:473:5\nassertInViewPort@chrome://remote/content/shared/webdriver/Actions.sys.mjs:2131:11\ndispatch@chrome://remote/content/shared/webdriver/Actions.sys.mjs:1026:21\ndispatch/pendingEvents<@chrome://remote/content/shared/webdriver/Actions.sys.mjs:1845:14\ndispatch@chrome://remote/content/shared/webdriver/Actions.sys.mjs:1844:39\ndispatch/chainEvents<@chrome://remote/content/shared/webdriver/Actions.sys.mjs:1770:27\ndispatch@chrome://remote/content/shared/webdriver/Actions.sys.mjs:1772:7\nperformActions@chrome://remote/content/marionette/actors/MarionetteCommandsChild.sys.mjs:516:23\nreceiveMessage@chrome://remote/content/marionette/actors/MarionetteCommandsChild.sys.mjs:156:31\n\n", "trace": "  File \"C:\\Users\\i-mal\\PycharmProjects\\diplom_3\\.venv\\Lib\\site-packages\\allure_commons\\_allure.py\", line 192, in impl\n    return func(*a, **kw)\n           ^^^^^^^^^^^^^^\n  File \"C:\\Users\\i-mal\\PycharmProjects\\diplom_3\\tests\\test_feed.py\", line 33, in test_counters\n    index_page.create_order()\n  File \"C:\\Users\\i-mal\\PycharmProjects\\diplom_3\\.venv\\Lib\\site-packages\\allure_commons\\_allure.py\", line 192, in impl\n    return func(*a, **kw)\n           ^^^^^^^^^^^^^^\n  File \"C:\\Users\\i-mal\\PycharmProjects\\diplom_3\\pages\\index_page.py\", line 117, in create_order\n    self.add_sauce_to_order()\n  File \"C:\\Users\\i-mal\\PycharmProjects\\diplom_3\\.venv\\Lib\\site-packages\\allure_commons\\_allure.py\", line 192, in impl\n    return func(*a, **kw)\n           ^^^^^^^^^^^^^^\n  File \"C:\\Users\\i-mal\\PycharmProjects\\diplom_3\\pages\\index_page.py\", line 107, in add_sauce_to_order\n    self.drag_and_drop(drag, drop)\n  File \"C:\\Users\\i-mal\\PycharmProjects\\diplom_3\\.venv\\Lib\\site-packages\\allure_commons\\_allure.py\", line 192, in impl\n    return func(*a, **kw)\n           ^^^^^^^^^^^^^^\n  File \"C:\\Users\\i-mal\\PycharmProjects\\diplom_3\\pages\\base_page.py\", line 86, in drag_and_drop\n    action.perform()\n  File \"C:\\Users\\i-mal\\PycharmProjects\\diplom_3\\.venv\\Lib\\site-packages\\selenium\\webdriver\\common\\action_chains.py\", line 94, in perform\n    self.w3c_actions.perform()\n  File \"C:\\Users\\i-mal\\PycharmProjects\\diplom_3\\.venv\\Lib\\site-packages\\selenium\\webdriver\\common\\actions\\action_builder.py\", line 96, in perform\n    self.driver.execute(Command.W3C_ACTIONS, enc)\n  File \"C:\\Users\\i-mal\\PycharmProjects\\diplom_3\\.venv\\Lib\\site-packages\\selenium\\webdriver\\remote\\webdriver.py\", line 347, in execute\n    self.error_handler.check_response(response)\n  File \"C:\\Users\\i-mal\\PycharmProjects\\diplom_3\\.venv\\Lib\\site-packages\\selenium\\webdriver\\remote\\errorhandler.py\", line 229, in check_response\n    raise exception_class(message, screen, stacktrace)\n"}, "steps": [{"name": "Инициализация BasePage с драйвером", "status": "passed", "parameters": [{"name": "driver", "value": "<selenium.webdriver.firefox.webdriver.WebDriver (session=\"b7b2fc22-370d-4973-a885-36f2ef9601e6\")>"}], "start": 1717763971486, "stop": 1717763971486}, {"name": "Инициализация BasePage с драйвером", "status": "passed", "parameters": [{"name": "driver", "value": "<selenium.webdriver.firefox.webdriver.WebDriver (session=\"b7b2fc22-370d-4973-a885-36f2ef9601e6\")>"}], "start": 1717763971486, "stop": 1717763971486}, {"name": "Инициализация BasePage с драйвером", "status": "passed", "parameters": [{"name": "driver", "value": "<selenium.webdriver.firefox.webdriver.WebDriver (session=\"b7b2fc22-370d-4973-a885-36f2ef9601e6\")>"}], "start": 1717763971486, "stop": 1717763971486}, {"name": "Загрузка страницы с ссылкой", "status": "passed", "start": 1717763971486, "stop": 1717763971688}, {"name": "Кликаем по кнопке Личный кабинет", "status": "passed", "steps": [{"name": "Клик по элементу с локатором", "status": "passed", "steps": [{"name": "Ожидание, секунд", "status": "passed", "parameters": [{"name": "time", "value": "5"}], "start": 1717763971690, "stop": 1717763971690}], "parameters": [{"name": "locator", "value": "('xpath', \".//p[text()='Личный Кабинет']\")"}], "start": 1717763971688, "stop": 1717763971770}], "start": 1717763971688, "stop": 1717763971770}, {"name": "Авторизация тестового-пользователя", "status": "passed", "steps": [{"name": "Выполняем авторизацию", "status": "passed", "steps": [{"name": "Ожидание видимости элемента, локатор", "status": "passed", "steps": [{"name": "Ожидание, секунд", "status": "passed", "parameters": [{"name": "time", "value": "5"}], "start": 1717763971770, "stop": 1717763971770}], "parameters": [{"name": "locator", "value": "('xpath', \".//input[contains(@name,'name')]\")"}], "start": 1717763971770, "stop": 1717763971789}, {"name": "Ожидание видимости элемента, локатор", "status": "passed", "steps": [{"name": "Ожидание, секунд", "status": "passed", "parameters": [{"name": "time", "value": "5"}], "start": 1717763971790, "stop": 1717763971790}], "parameters": [{"name": "locator", "value": "('xpath', \".//input[contains(@name,'Пароль')]\")"}], "start": 1717763971790, "stop": 1717763971807}, {"name": "Клик по элементу с локатором", "status": "passed", "steps": [{"name": "Ожидание, секунд", "status": "passed", "parameters": [{"name": "time", "value": "5"}], "start": 1717763972021, "stop": 1717763972021}], "parameters": [{"name": "locator", "value": "('xpath', \".//button[text()='Войти']\")"}], "start": 1717763972021, "stop": 1717763972076}], "parameters": [{"name": "email", "value": "'malkin_kogorta_7@ya.ru'"}, {"name": "password", "value": "'123456'"}], "start": 1717763971770, "stop": 1717763972076}], "start": 1717763971770, "stop": 1717763972076}, {"name": "Кликаем по Ленте заказов", "status": "passed", "steps": [{"name": "Клик по элементу с локатором, с ожиданием", "status": "passed", "steps": [{"name": "Ожидание, секунд", "status": "passed", "parameters": [{"name": "time", "value": "5"}], "start": 1717763972078, "stop": 1717763972078}], "parameters": [{"name": "locator", "value": "('xpath', \".//p[text()='Лента Заказов']\")"}], "start": 1717763972078, "stop": 1717763973400}], "start": 1717763972076, "stop": 1717763973400}, {"name": "Возвращаем значения счетчиков", "status": "passed", "steps": [{"name": "Ожидание видимости элемента, локатор", "status": "passed", "steps": [{"name": "Ожидание, секунд", "status": "passed", "parameters": [{"name": "time", "value": "5"}], "start": 1717763973401, "stop": 1717763973401}], "parameters": [{"name": "locator", "value": "('xpath', './/div/p[text()=\"Выполнено за все время:\"]/following-sibling::p')"}], "start": 1717763973400, "stop": 1717763973977}, {"name": "Ожидание видимости элемента, локатор", "status": "passed", "steps": [{"name": "Ожидание, секунд", "status": "passed", "parameters": [{"name": "time", "value": "5"}], "start": 1717763973988, "stop": 1717763973988}], "parameters": [{"name": "locator", "value": "('xpath', './/div/p[text()=\"Выполнено за сегодня:\"]/following-sibling::p')"}], "start": 1717763973988, "stop": 1717763973997}], "start": 1717763973400, "stop": 1717763974001}, {"name": "Кликаем по Конструктору", "status": "passed", "steps": [{"name": "Клик по элементу с локатором, с ожиданием", "status": "passed", "steps": [{"name": "Ожидание, секунд", "status": "passed", "parameters": [{"name": "time", "value": "5"}], "start": 1717763974001, "stop": 1717763974001}], "parameters": [{"name": "locator", "value": "('xpath', \".//p[text()='Конструктор']\")"}], "start": 1717763974001, "stop": 1717763975347}], "start": 1717763974001, "stop": 1717763975347}, {"name": "Создаём заказ", "status": "broken", "statusDetails": {"message": "selenium.common.exceptions.MoveTargetOutOfBoundsException: Message: (164, 627) is out of bounds of viewport width (1280) and height (587)\nStacktrace:\nRemoteError@chrome://remote/content/shared/RemoteError.sys.mjs:8:8\nWebDriverError@chrome://remote/content/shared/webdriver/Errors.sys.mjs:187:5\nMoveTargetOutOfBoundsError@chrome://remote/content/shared/webdriver/Errors.sys.mjs:473:5\nassertInViewPort@chrome://remote/content/shared/webdriver/Actions.sys.mjs:2131:11\ndispatch@chrome://remote/content/shared/webdriver/Actions.sys.mjs:1026:21\ndispatch/pendingEvents<@chrome://remote/content/shared/webdriver/Actions.sys.mjs:1845:14\ndispatch@chrome://remote/content/shared/webdriver/Actions.sys.mjs:1844:39\ndispatch/chainEvents<@chrome://remote/content/shared/webdriver/Actions.sys.mjs:1770:27\ndispatch@chrome://remote/content/shared/webdriver/Actions.sys.mjs:1772:7\nperformActions@chrome://remote/content/marionette/actors/MarionetteCommandsChild.sys.mjs:516:23\nreceiveMessage@chrome://remote/content/marionette/actors/MarionetteCommandsChild.sys.mjs:156:31\n\n", "trace": "  File \"C:\\Users\\i-mal\\PycharmProjects\\diplom_3\\.venv\\Lib\\site-packages\\allure_commons\\_allure.py\", line 192, in impl\n    return func(*a, **kw)\n           ^^^^^^^^^^^^^^\n  File \"C:\\Users\\i-mal\\PycharmProjects\\diplom_3\\pages\\index_page.py\", line 117, in create_order\n    self.add_sauce_to_order()\n  File \"C:\\Users\\i-mal\\PycharmProjects\\diplom_3\\.venv\\Lib\\site-packages\\allure_commons\\_allure.py\", line 192, in impl\n    return func(*a, **kw)\n           ^^^^^^^^^^^^^^\n  File \"C:\\Users\\i-mal\\PycharmProjects\\diplom_3\\pages\\index_page.py\", line 107, in add_sauce_to_order\n    self.drag_and_drop(drag, drop)\n  File \"C:\\Users\\i-mal\\PycharmProjects\\diplom_3\\.venv\\Lib\\site-packages\\allure_commons\\_allure.py\", line 192, in impl\n    return func(*a, **kw)\n           ^^^^^^^^^^^^^^\n  File \"C:\\Users\\i-mal\\PycharmProjects\\diplom_3\\pages\\base_page.py\", line 86, in drag_and_drop\n    action.perform()\n  File \"C:\\Users\\i-mal\\PycharmProjects\\diplom_3\\.venv\\Lib\\site-packages\\selenium\\webdriver\\common\\action_chains.py\", line 94, in perform\n    self.w3c_actions.perform()\n  File \"C:\\Users\\i-mal\\PycharmProjects\\diplom_3\\.venv\\Lib\\site-packages\\selenium\\webdriver\\common\\actions\\action_builder.py\", line 96, in perform\n    self.driver.execute(Command.W3C_ACTIONS, enc)\n  File \"C:\\Users\\i-mal\\PycharmProjects\\diplom_3\\.venv\\Lib\\site-packages\\selenium\\webdriver\\remote\\webdriver.py\", line 347, in execute\n    self.error_handler.check_response(response)\n  File \"C:\\Users\\i-mal\\PycharmProjects\\diplom_3\\.venv\\Lib\\site-packages\\selenium\\webdriver\\remote\\errorhandler.py\", line 229, in check_response\n    raise exception_class(message, screen, stacktrace)\n"}, "steps": [{"name": "Перетаскиваем бургер в корзину", "status": "passed", "steps": [{"name": "Ожидание, пока элемент станет кликабельным", "status": "passed", "steps": [{"name": "Ожидание, секунд", "status": "passed", "parameters": [{"name": "time", "value": "5"}], "start": 1717763975347, "stop": 1717763975347}], "parameters": [{"name": "element", "value": "('xpath', \".//div/ul/a/p[text()='Флюоресцентная булка R2-D3']/parent::a\")"}], "start": 1717763975347, "stop": 1717763975367}, {"name": "Ожидание, пока элемент станет кликабельным", "status": "passed", "steps": [{"name": "Ожидание, секунд", "status": "passed", "parameters": [{"name": "time", "value": "5"}], "start": 1717763975367, "stop": 1717763975367}], "parameters": [{"name": "element", "value": "('xpath', './/ul[contains(@class,\"BurgerConstructor\")]')"}], "start": 1717763975367, "stop": 1717763975384}, {"name": "Перетаскивание элемента", "status": "passed", "parameters": [{"name": "drag", "value": "<selenium.webdriver.remote.webelement.WebElement (session=\"b7b2fc22-370d-4973-a885-36f2ef9601e6\", element=\"3b2a8de2-7ac7-468c-bd8a-2b27115902d0\")>"}, {"name": "drop", "value": "<selenium.webdriver.remote.webelement.WebElement (session=\"b7b2fc22-370d-4973-a885-36f2ef9601e6\", element=\"b3d9c80f-cab2-4203-ac53-c0432f5fc4b1\")>"}], "start": 1717763975385, "stop": 1717763978185}], "start": 1717763975347, "stop": 1717763978185}, {"name": "Перетаскиваем соус в корзину", "status": "broken", "statusDetails": {"message": "selenium.common.exceptions.MoveTargetOutOfBoundsException: Message: (164, 627) is out of bounds of viewport width (1280) and height (587)\nStacktrace:\nRemoteError@chrome://remote/content/shared/RemoteError.sys.mjs:8:8\nWebDriverError@chrome://remote/content/shared/webdriver/Errors.sys.mjs:187:5\nMoveTargetOutOfBoundsError@chrome://remote/content/shared/webdriver/Errors.sys.mjs:473:5\nassertInViewPort@chrome://remote/content/shared/webdriver/Actions.sys.mjs:2131:11\ndispatch@chrome://remote/content/shared/webdriver/Actions.sys.mjs:1026:21\ndispatch/pendingEvents<@chrome://remote/content/shared/webdriver/Actions.sys.mjs:1845:14\ndispatch@chrome://remote/content/shared/webdriver/Actions.sys.mjs:1844:39\ndispatch/chainEvents<@chrome://remote/content/shared/webdriver/Actions.sys.mjs:1770:27\ndispatch@chrome://remote/content/shared/webdriver/Actions.sys.mjs:1772:7\nperformActions@chrome://remote/content/marionette/actors/MarionetteCommandsChild.sys.mjs:516:23\nreceiveMessage@chrome://remote/content/marionette/actors/MarionetteCommandsChild.sys.mjs:156:31\n\n", "trace": "  File \"C:\\Users\\i-mal\\PycharmProjects\\diplom_3\\.venv\\Lib\\site-packages\\allure_commons\\_allure.py\", line 192, in impl\n    return func(*a, **kw)\n           ^^^^^^^^^^^^^^\n  File \"C:\\Users\\i-mal\\PycharmProjects\\diplom_3\\pages\\index_page.py\", line 107, in add_sauce_to_order\n    self.drag_and_drop(drag, drop)\n  File \"C:\\Users\\i-mal\\PycharmProjects\\diplom_3\\.venv\\Lib\\site-packages\\allure_commons\\_allure.py\", line 192, in impl\n    return func(*a, **kw)\n           ^^^^^^^^^^^^^^\n  File \"C:\\Users\\i-mal\\PycharmProjects\\diplom_3\\pages\\base_page.py\", line 86, in drag_and_drop\n    action.perform()\n  File \"C:\\Users\\i-mal\\PycharmProjects\\diplom_3\\.venv\\Lib\\site-packages\\selenium\\webdriver\\common\\action_chains.py\", line 94, in perform\n    self.w3c_actions.perform()\n  File \"C:\\Users\\i-mal\\PycharmProjects\\diplom_3\\.venv\\Lib\\site-packages\\selenium\\webdriver\\common\\actions\\action_builder.py\", line 96, in perform\n    self.driver.execute(Command.W3C_ACTIONS, enc)\n  File \"C:\\Users\\i-mal\\PycharmProjects\\diplom_3\\.venv\\Lib\\site-packages\\selenium\\webdriver\\remote\\webdriver.py\", line 347, in execute\n    self.error_handler.check_response(response)\n  File \"C:\\Users\\i-mal\\PycharmProjects\\diplom_3\\.venv\\Lib\\site-packages\\selenium\\webdriver\\remote\\errorhandler.py\", line 229, in check_response\n    raise exception_class(message, screen, stacktrace)\n"}, "steps": [{"name": "Ожидание, пока элемент станет кликабельным", "status": "passed", "steps": [{"name": "Ожидание, секунд", "status": "passed", "parameters": [{"name": "time", "value": "5"}], "start": 1717763978185, "stop": 1717763978185}], "parameters": [{"name": "element", "value": "('xpath', \".//div/ul/a/p[text()='Соус Spicy-X']/parent::a\")"}], "start": 1717763978185, "stop": 1717763978208}, {"name": "Ожидание, пока элемент станет кликабельным", "status": "passed", "steps": [{"name": "Ожидание, секунд", "status": "passed", "parameters": [{"name": "time", "value": "5"}], "start": 1717763978208, "stop": 1717763978208}], "parameters": [{"name": "element", "value": "('xpath', './/ul[contains(@class,\"BurgerConstructor\")]')"}], "start": 1717763978208, "stop": 1717763978220}, {"name": "Перетаскивание элемента", "status": "broken", "statusDetails": {"message": "selenium.common.exceptions.MoveTargetOutOfBoundsException: Message: (164, 627) is out of bounds of viewport width (1280) and height (587)\nStacktrace:\nRemoteError@chrome://remote/content/shared/RemoteError.sys.mjs:8:8\nWebDriverError@chrome://remote/content/shared/webdriver/Errors.sys.mjs:187:5\nMoveTargetOutOfBoundsError@chrome://remote/content/shared/webdriver/Errors.sys.mjs:473:5\nassertInViewPort@chrome://remote/content/shared/webdriver/Actions.sys.mjs:2131:11\ndispatch@chrome://remote/content/shared/webdriver/Actions.sys.mjs:1026:21\ndispatch/pendingEvents<@chrome://remote/content/shared/webdriver/Actions.sys.mjs:1845:14\ndispatch@chrome://remote/content/shared/webdriver/Actions.sys.mjs:1844:39\ndispatch/chainEvents<@chrome://remote/content/shared/webdriver/Actions.sys.mjs:1770:27\ndispatch@chrome://remote/content/shared/webdriver/Actions.sys.mjs:1772:7\nperformActions@chrome://remote/content/marionette/actors/MarionetteCommandsChild.sys.mjs:516:23\nreceiveMessage@chrome://remote/content/marionette/actors/MarionetteCommandsChild.sys.mjs:156:31\n\n", "trace": "  File \"C:\\Users\\i-mal\\PycharmProjects\\diplom_3\\.venv\\Lib\\site-packages\\allure_commons\\_allure.py\", line 192, in impl\n    return func(*a, **kw)\n           ^^^^^^^^^^^^^^\n  File \"C:\\Users\\i-mal\\PycharmProjects\\diplom_3\\pages\\base_page.py\", line 86, in drag_and_drop\n    action.perform()\n  File \"C:\\Users\\i-mal\\PycharmProjects\\diplom_3\\.venv\\Lib\\site-packages\\selenium\\webdriver\\common\\action_chains.py\", line 94, in perform\n    self.w3c_actions.perform()\n  File \"C:\\Users\\i-mal\\PycharmProjects\\diplom_3\\.venv\\Lib\\site-packages\\selenium\\webdriver\\common\\actions\\action_builder.py\", line 96, in perform\n    self.driver.execute(Command.W3C_ACTIONS, enc)\n  File \"C:\\Users\\i-mal\\PycharmProjects\\diplom_3\\.venv\\Lib\\site-packages\\selenium\\webdriver\\remote\\webdriver.py\", line 347, in execute\n    self.error_handler.check_response(response)\n  File \"C:\\Users\\i-mal\\PycharmProjects\\diplom_3\\.venv\\Lib\\site-packages\\selenium\\webdriver\\remote\\errorhandler.py\", line 229, in check_response\n    raise exception_class(message, screen, stacktrace)\n"}, "parameters": [{"name": "drag", "value": "<selenium.webdriver.remote.webelement.WebElement (session=\"b7b2fc22-370d-4973-a885-36f2ef9601e6\", element=\"fafd8825-900f-45aa-8469-8ad755445a2a\")>"}, {"name": "drop", "value": "<selenium.webdriver.remote.webelement.WebElement (session=\"b7b2fc22-370d-4973-a885-36f2ef9601e6\", element=\"b3d9c80f-cab2-4203-ac53-c0432f5fc4b1\")>"}], "start": 1717763978220, "stop": 1717763978225}], "start": 1717763978185, "stop": 1717763978227}], "start": 1717763975347, "stop": 1717763978228}], "parameters": [{"name": "driver", "value": "<selenium.webdriver.firefox.webdriver.WebDriver (session=\"b7b2fc22-370d-4973-a885-36f2ef9601e6\")>"}], "start": 1717763971486, "stop": 1717763978228}], "parameters": [{"name": "driver", "value": "'Browser FireFox'"}], "start": 1717763971486, "stop": 1717763978229, "uuid": "c10a419d-739a-4546-9fd5-98834e986315", "historyId": "1552d136bd8e31a5e3bf5918d0a63373", "testCaseId": "0aeafe066240c59636cc005cfb310210", "fullName": "tests.test_feed.TestFeed#test_counters", "labels": [{"name": "parentSuite", "value": "tests"}, {"name": "suite", "value": "test_feed"}, {"name": "subSuite", "value": "TestFeed"}, {"name": "host", "value": "Lenovo-1"}, {"name": "thread", "value": "16996-MainThread"}, {"name": "framework", "value": "pytest"}, {"name": "language", "value": "cpython3"}, {"name": "package", "value": "tests.test_feed"}]}